{"numFailedTestSuites":1,"numFailedTests":3,"numPassedTestSuites":2,"numPassedTests":39,"numPendingTestSuites":0,"numPendingTests":0,"numRuntimeErrorTestSuites":0,"numTodoTests":0,"numTotalTestSuites":3,"numTotalTests":42,"openHandles":[],"snapshot":{"added":0,"didUpdate":false,"failure":false,"filesAdded":0,"filesRemoved":0,"filesRemovedList":[],"filesUnmatched":0,"filesUpdated":0,"matched":0,"total":0,"unchecked":0,"uncheckedKeysByFile":[],"unmatched":0,"updated":0},"startTime":1775120259857,"success":false,"testResults":[{"assertionResults":[{"ancestorTitles":["POST /api/v1/auth/register"],"duration":41,"failing":false,"failureDetails":[],"failureMessages":[],"fullName":"POST /api/v1/auth/register should return 201 with access_token for valid input","invocations":1,"location":null,"numPassingAsserts":4,"retryReasons":[],"startAt":1775120260552,"status":"passed","title":"should return 201 with access_token for valid input"},{"ancestorTitles":["POST /api/v1/auth/register"],"duration":5,"failing":false,"failureDetails":[],"failureMessages":[],"fullName":"POST /api/v1/auth/register should return 400 for invalid email","invocations":1,"location":null,"numPassingAsserts":2,"retryReasons":[],"startAt":1775120260594,"status":"passed","title":"should return 400 for invalid email"},{"ancestorTitles":["POST /api/v1/auth/register"],"duration":3,"failing":false,"failureDetails":[],"failureMessages":[],"fullName":"POST /api/v1/auth/register should return 400 for short password","invocations":1,"location":null,"numPassingAsserts":2,"retryReasons":[],"startAt":1775120260599,"status":"passed","title":"should return 400 for short password"},{"ancestorTitles":["POST /api/v1/auth/register"],"duration":3,"failing":false,"failureDetails":[],"failureMessages":[],"fullName":"POST /api/v1/auth/register should return 409 if email already taken","invocations":1,"location":null,"numPassingAsserts":2,"retryReasons":[],"startAt":1775120260602,"status":"passed","title":"should return 409 if email already taken"},{"ancestorTitles":["POST /api/v1/auth/register"],"duration":4,"failing":false,"failureDetails":[],"failureMessages":[],"fullName":"POST /api/v1/auth/register should return 400 for missing fields","invocations":1,"location":null,"numPassingAsserts":1,"retryReasons":[],"startAt":1775120260605,"status":"passed","title":"should return 400 for missing fields"},{"ancestorTitles":["POST /api/v1/auth/login"],"duration":3,"failing":false,"failureDetails":[],"failureMessages":[],"fullName":"POST /api/v1/auth/login should return 200 with access_token for valid credentials","invocations":1,"location":null,"numPassingAsserts":4,"retryReasons":[],"startAt":1775120260609,"status":"passed","title":"should return 200 with access_token for valid credentials"},{"ancestorTitles":["POST /api/v1/auth/login"],"duration":3,"failing":false,"failureDetails":[],"failureMessages":[],"fullName":"POST /api/v1/auth/login should return 401 for wrong password","invocations":1,"location":null,"numPassingAsserts":2,"retryReasons":[],"startAt":1775120260612,"status":"passed","title":"should return 401 for wrong password"},{"ancestorTitles":["POST /api/v1/auth/login"],"duration":2,"failing":false,"failureDetails":[],"failureMessages":[],"fullName":"POST /api/v1/auth/login should return 401 if user does not exist","invocations":1,"location":null,"numPassingAsserts":1,"retryReasons":[],"startAt":1775120260615,"status":"passed","title":"should return 401 if user does not exist"},{"ancestorTitles":["POST /api/v1/auth/login"],"duration":2,"failing":false,"failureDetails":[],"failureMessages":[],"fullName":"POST /api/v1/auth/login should return 400 for missing body","invocations":1,"location":null,"numPassingAsserts":1,"retryReasons":[],"startAt":1775120260618,"status":"passed","title":"should return 400 for missing body"},{"ancestorTitles":["GET /api/v1/auth/me"],"duration":5,"failing":false,"failureDetails":[],"failureMessages":[],"fullName":"GET /api/v1/auth/me should return 200 with user profile for valid JWT","invocations":1,"location":null,"numPassingAsserts":5,"retryReasons":[],"startAt":1775120260620,"status":"passed","title":"should return 200 with user profile for valid JWT"},{"ancestorTitles":["GET /api/v1/auth/me"],"duration":4,"failing":false,"failureDetails":[{"matcherResult":{"actual":429,"expected":401,"message":"expect(received).toBe(expected) // Object.is equality\n\nExpected: 401\nReceived: 429","name":"toBe","pass":false}}],"failureMessages":["Error: expect(received).toBe(expected) // Object.is equality\n\nExpected: 401\nReceived: 429\n    at Object.toBe (D:\\projects\\backend-assignment\\tests\\integration\\auth\\login.test.js:195:24)\n    at processTicksAndRejections (node:internal/process/task_queues:104:5)"],"fullName":"GET /api/v1/auth/me should return 401 with no Authorization header","invocations":1,"location":null,"numPassingAsserts":0,"retryReasons":[],"startAt":1775120260625,"status":"failed","title":"should return 401 with no Authorization header"},{"ancestorTitles":["GET /api/v1/auth/me"],"duration":3,"failing":false,"failureDetails":[{"matcherResult":{"actual":429,"expected":401,"message":"expect(received).toBe(expected) // Object.is equality\n\nExpected: 401\nReceived: 429","name":"toBe","pass":false}}],"failureMessages":["Error: expect(received).toBe(expected) // Object.is equality\n\nExpected: 401\nReceived: 429\n    at Object.toBe (D:\\projects\\backend-assignment\\tests\\integration\\auth\\login.test.js:204:24)\n    at processTicksAndRejections (node:internal/process/task_queues:104:5)"],"fullName":"GET /api/v1/auth/me should return 401 for invalid token","invocations":1,"location":null,"numPassingAsserts":0,"retryReasons":[],"startAt":1775120260629,"status":"failed","title":"should return 401 for invalid token"},{"ancestorTitles":["GET /api/v1/auth/me"],"duration":2,"failing":false,"failureDetails":[{"matcherResult":{"actual":429,"expected":401,"message":"expect(received).toBe(expected) // Object.is equality\n\nExpected: 401\nReceived: 429","name":"toBe","pass":false}}],"failureMessages":["Error: expect(received).toBe(expected) // Object.is equality\n\nExpected: 401\nReceived: 429\n    at Object.toBe (D:\\projects\\backend-assignment\\tests\\integration\\auth\\login.test.js:212:24)\n    at processTicksAndRejections (node:internal/process/task_queues:104:5)"],"fullName":"GET /api/v1/auth/me should return 401 for malformed Authorization header","invocations":1,"location":null,"numPassingAsserts":0,"retryReasons":[],"startAt":1775120260632,"status":"failed","title":"should return 401 for malformed Authorization header"},{"ancestorTitles":["GET /health"],"duration":2,"failing":false,"failureDetails":[],"failureMessages":[],"fullName":"GET /health should return 200 with status ok","invocations":1,"location":null,"numPassingAsserts":2,"retryReasons":[],"startAt":1775120260634,"status":"passed","title":"should return 200 with status ok"},{"ancestorTitles":["404 fallback"],"duration":2,"failing":false,"failureDetails":[],"failureMessages":[],"fullName":"404 fallback should return 404 for unknown routes","invocations":1,"location":null,"numPassingAsserts":2,"retryReasons":[],"startAt":1775120260636,"status":"passed","title":"should return 404 for unknown routes"}],"endTime":1775120260653,"message":"  ● GET /api/v1/auth/me › should return 401 with no Authorization header\n\n    expect(received).toBe(expected) // Object.is equality\n\n    Expected: 401\n    Received: 429\n\n    \u001b[0m \u001b[90m 193 |\u001b[39m   it(\u001b[32m'should return 401 with no Authorization header'\u001b[39m\u001b[33m,\u001b[39m \u001b[36masync\u001b[39m () \u001b[33m=>\u001b[39m {\n     \u001b[90m 194 |\u001b[39m     \u001b[36mconst\u001b[39m res \u001b[33m=\u001b[39m \u001b[36mawait\u001b[39m request(app)\u001b[33m.\u001b[39m\u001b[36mget\u001b[39m(\u001b[32m'/api/v1/auth/me'\u001b[39m)\u001b[33m;\u001b[39m\n    \u001b[31m\u001b[1m>\u001b[22m\u001b[39m\u001b[90m 195 |\u001b[39m     expect(res\u001b[33m.\u001b[39mstatus)\u001b[33m.\u001b[39mtoBe(\u001b[35m401\u001b[39m)\u001b[33m;\u001b[39m\n     \u001b[90m     |\u001b[39m                        \u001b[31m\u001b[1m^\u001b[22m\u001b[39m\n     \u001b[90m 196 |\u001b[39m     expect(res\u001b[33m.\u001b[39mbody\u001b[33m.\u001b[39msuccess)\u001b[33m.\u001b[39mtoBe(\u001b[36mfalse\u001b[39m)\u001b[33m;\u001b[39m\n     \u001b[90m 197 |\u001b[39m   })\u001b[33m;\u001b[39m\n     \u001b[90m 198 |\u001b[39m\u001b[0m\n\n      at Object.toBe (tests/integration/auth/login.test.js:195:24)\n\n  ● GET /api/v1/auth/me › should return 401 for invalid token\n\n    expect(received).toBe(expected) // Object.is equality\n\n    Expected: 401\n    Received: 429\n\n    \u001b[0m \u001b[90m 202 |\u001b[39m       \u001b[33m.\u001b[39m\u001b[36mset\u001b[39m(\u001b[32m'Authorization'\u001b[39m\u001b[33m,\u001b[39m \u001b[32m'Bearer this.is.invalid'\u001b[39m)\u001b[33m;\u001b[39m\n     \u001b[90m 203 |\u001b[39m\n    \u001b[31m\u001b[1m>\u001b[22m\u001b[39m\u001b[90m 204 |\u001b[39m     expect(res\u001b[33m.\u001b[39mstatus)\u001b[33m.\u001b[39mtoBe(\u001b[35m401\u001b[39m)\u001b[33m;\u001b[39m\n     \u001b[90m     |\u001b[39m                        \u001b[31m\u001b[1m^\u001b[22m\u001b[39m\n     \u001b[90m 205 |\u001b[39m   })\u001b[33m;\u001b[39m\n     \u001b[90m 206 |\u001b[39m\n     \u001b[90m 207 |\u001b[39m   it(\u001b[32m'should return 401 for malformed Authorization header'\u001b[39m\u001b[33m,\u001b[39m \u001b[36masync\u001b[39m () \u001b[33m=>\u001b[39m {\u001b[0m\n\n      at Object.toBe (tests/integration/auth/login.test.js:204:24)\n\n  ● GET /api/v1/auth/me › should return 401 for malformed Authorization header\n\n    expect(received).toBe(expected) // Object.is equality\n\n    Expected: 401\n    Received: 429\n\n    \u001b[0m \u001b[90m 210 |\u001b[39m       \u001b[33m.\u001b[39m\u001b[36mset\u001b[39m(\u001b[32m'Authorization'\u001b[39m\u001b[33m,\u001b[39m \u001b[32m'Token abc123'\u001b[39m)\u001b[33m;\u001b[39m\n     \u001b[90m 211 |\u001b[39m\n    \u001b[31m\u001b[1m>\u001b[22m\u001b[39m\u001b[90m 212 |\u001b[39m     expect(res\u001b[33m.\u001b[39mstatus)\u001b[33m.\u001b[39mtoBe(\u001b[35m401\u001b[39m)\u001b[33m;\u001b[39m\n     \u001b[90m     |\u001b[39m                        \u001b[31m\u001b[1m^\u001b[22m\u001b[39m\n     \u001b[90m 213 |\u001b[39m   })\u001b[33m;\u001b[39m\n     \u001b[90m 214 |\u001b[39m })\u001b[33m;\u001b[39m\n     \u001b[90m 215 |\u001b[39m\u001b[0m\n\n      at Object.toBe (tests/integration/auth/login.test.js:212:24)\n","name":"D:\\projects\\backend-assignment\\tests\\integration\\auth\\login.test.js","startTime":1775120259908,"status":"failed","summary":""},{"assertionResults":[{"ancestorTitles":["token.service","generateToken()"],"duration":1,"failing":false,"failureDetails":[],"failureMessages":[],"fullName":"token.service generateToken() should return a string token","invocations":1,"location":null,"numPassingAsserts":2,"retryReasons":[],"startAt":1775120260720,"status":"passed","title":"should return a string token"},{"ancestorTitles":["token.service","generateToken()"],"duration":1,"failing":false,"failureDetails":[],"failureMessages":[],"fullName":"token.service generateToken() should embed user_id, email, role in payload","invocations":1,"location":null,"numPassingAsserts":3,"retryReasons":[],"startAt":1775120260721,"status":"passed","title":"should embed user_id, email, role in payload"},{"ancestorTitles":["token.service","generateToken()"],"duration":0,"failing":false,"failureDetails":[],"failureMessages":[],"fullName":"token.service generateToken() should set issuer and audience claims","invocations":1,"location":null,"numPassingAsserts":2,"retryReasons":[],"startAt":1775120260722,"status":"passed","title":"should set issuer and audience claims"},{"ancestorTitles":["token.service","generateToken()"],"duration":1,"failing":false,"failureDetails":[],"failureMessages":[],"fullName":"token.service generateToken() should set expiry (~1 hour from now)","invocations":1,"location":null,"numPassingAsserts":2,"retryReasons":[],"startAt":1775120260722,"status":"passed","title":"should set expiry (~1 hour from now)"},{"ancestorTitles":["token.service","generateToken()"],"duration":0,"failing":false,"failureDetails":[],"failureMessages":[],"fullName":"token.service generateToken() should accept user_id or id field","invocations":1,"location":null,"numPassingAsserts":1,"retryReasons":[],"startAt":1775120260723,"status":"passed","title":"should accept user_id or id field"},{"ancestorTitles":["token.service","generateToken()"],"duration":4,"failing":false,"failureDetails":[],"failureMessages":[],"fullName":"token.service generateToken() should throw if JWT_SECRET is missing","invocations":1,"location":null,"numPassingAsserts":1,"retryReasons":[],"startAt":1775120260723,"status":"passed","title":"should throw if JWT_SECRET is missing"},{"ancestorTitles":["token.service","verifyToken()"],"duration":1,"failing":false,"failureDetails":[],"failureMessages":[],"fullName":"token.service verifyToken() should return decoded payload for a valid token","invocations":1,"location":null,"numPassingAsserts":2,"retryReasons":[],"startAt":1775120260727,"status":"passed","title":"should return decoded payload for a valid token"},{"ancestorTitles":["token.service","verifyToken()"],"duration":1,"failing":false,"failureDetails":[],"failureMessages":[],"fullName":"token.service verifyToken() should throw JsonWebTokenError for an invalid token","invocations":1,"location":null,"numPassingAsserts":1,"retryReasons":[],"startAt":1775120260728,"status":"passed","title":"should throw JsonWebTokenError for an invalid token"},{"ancestorTitles":["token.service","verifyToken()"],"duration":1,"failing":false,"failureDetails":[],"failureMessages":[],"fullName":"token.service verifyToken() should throw TokenExpiredError for an expired token","invocations":1,"location":null,"numPassingAsserts":1,"retryReasons":[],"startAt":1775120260729,"status":"passed","title":"should throw TokenExpiredError for an expired token"},{"ancestorTitles":["token.service","verifyToken()"],"duration":1,"failing":false,"failureDetails":[],"failureMessages":[],"fullName":"token.service verifyToken() should throw for a token signed with wrong secret","invocations":1,"location":null,"numPassingAsserts":1,"retryReasons":[],"startAt":1775120260730,"status":"passed","title":"should throw for a token signed with wrong secret"},{"ancestorTitles":["token.service","verifyToken()"],"duration":0,"failing":false,"failureDetails":[],"failureMessages":[],"fullName":"token.service verifyToken() should throw if JWT_SECRET is missing","invocations":1,"location":null,"numPassingAsserts":1,"retryReasons":[],"startAt":1775120260731,"status":"passed","title":"should throw if JWT_SECRET is missing"},{"ancestorTitles":["token.service","decodeToken()"],"duration":1,"failing":false,"failureDetails":[],"failureMessages":[],"fullName":"token.service decodeToken() should decode without verification","invocations":1,"location":null,"numPassingAsserts":1,"retryReasons":[],"startAt":1775120260731,"status":"passed","title":"should decode without verification"},{"ancestorTitles":["token.service","decodeToken()"],"duration":0,"failing":false,"failureDetails":[],"failureMessages":[],"fullName":"token.service decodeToken() should return null for completely invalid token","invocations":1,"location":null,"numPassingAsserts":1,"retryReasons":[],"startAt":1775120260732,"status":"passed","title":"should return null for completely invalid token"}],"endTime":1775120260732,"message":"","name":"D:\\projects\\backend-assignment\\tests\\unit\\auth\\token.service.test.js","startTime":1775120260662,"status":"passed","summary":""},{"assertionResults":[{"ancestorTitles":["authService.register()"],"duration":1,"failing":false,"failureDetails":[],"failureMessages":[],"fullName":"authService.register() should register a new user and return access_token","invocations":1,"location":null,"numPassingAsserts":3,"retryReasons":[],"startAt":1775120260807,"status":"passed","title":"should register a new user and return access_token"},{"ancestorTitles":["authService.register()"],"duration":0,"failing":false,"failureDetails":[],"failureMessages":[],"fullName":"authService.register() should throw 409 if email already exists","invocations":1,"location":null,"numPassingAsserts":1,"retryReasons":[],"startAt":1775120260809,"status":"passed","title":"should throw 409 if email already exists"},{"ancestorTitles":["authService.register()"],"duration":6,"failing":false,"failureDetails":[],"failureMessages":[],"fullName":"authService.register() should throw ZodError for invalid email","invocations":1,"location":null,"numPassingAsserts":1,"retryReasons":[],"startAt":1775120260809,"status":"passed","title":"should throw ZodError for invalid email"},{"ancestorTitles":["authService.register()"],"duration":1,"failing":false,"failureDetails":[],"failureMessages":[],"fullName":"authService.register() should throw ZodError for short password","invocations":1,"location":null,"numPassingAsserts":1,"retryReasons":[],"startAt":1775120260815,"status":"passed","title":"should throw ZodError for short password"},{"ancestorTitles":["authService.register()"],"duration":0,"failing":false,"failureDetails":[],"failureMessages":[],"fullName":"authService.register() should default role to viewer","invocations":1,"location":null,"numPassingAsserts":1,"retryReasons":[],"startAt":1775120260816,"status":"passed","title":"should default role to viewer"},{"ancestorTitles":["authService.register()"],"duration":1,"failing":false,"failureDetails":[],"failureMessages":[],"fullName":"authService.register() should cache role in Redis after registration","invocations":1,"location":null,"numPassingAsserts":1,"retryReasons":[],"startAt":1775120260816,"status":"passed","title":"should cache role in Redis after registration"},{"ancestorTitles":["authService.login()"],"duration":1,"failing":false,"failureDetails":[],"failureMessages":[],"fullName":"authService.login() should return access_token for valid credentials","invocations":1,"location":null,"numPassingAsserts":3,"retryReasons":[],"startAt":1775120260817,"status":"passed","title":"should return access_token for valid credentials"},{"ancestorTitles":["authService.login()"],"duration":0,"failing":false,"failureDetails":[],"failureMessages":[],"fullName":"authService.login() should throw 401 if user not found","invocations":1,"location":null,"numPassingAsserts":1,"retryReasons":[],"startAt":1775120260818,"status":"passed","title":"should throw 401 if user not found"},{"ancestorTitles":["authService.login()"],"duration":0,"failing":false,"failureDetails":[],"failureMessages":[],"fullName":"authService.login() should throw 401 if password is wrong","invocations":1,"location":null,"numPassingAsserts":1,"retryReasons":[],"startAt":1775120260818,"status":"passed","title":"should throw 401 if password is wrong"},{"ancestorTitles":["authService.login()"],"duration":1,"failing":false,"failureDetails":[],"failureMessages":[],"fullName":"authService.login() should throw 403 if user is inactive","invocations":1,"location":null,"numPassingAsserts":1,"retryReasons":[],"startAt":1775120260818,"status":"passed","title":"should throw 403 if user is inactive"},{"ancestorTitles":["authService.login()"],"duration":0,"failing":false,"failureDetails":[],"failureMessages":[],"fullName":"authService.login() should cache role in Redis on successful login","invocations":1,"location":null,"numPassingAsserts":1,"retryReasons":[],"startAt":1775120260819,"status":"passed","title":"should cache role in Redis on successful login"},{"ancestorTitles":["authService.getProfile()"],"duration":1,"failing":false,"failureDetails":[],"failureMessages":[],"fullName":"authService.getProfile() should return user profile","invocations":1,"location":null,"numPassingAsserts":3,"retryReasons":[],"startAt":1775120260819,"status":"passed","title":"should return user profile"},{"ancestorTitles":["authService.getProfile()"],"duration":0,"failing":false,"failureDetails":[],"failureMessages":[],"fullName":"authService.getProfile() should throw 404 if user not found","invocations":1,"location":null,"numPassingAsserts":1,"retryReasons":[],"startAt":1775120260820,"status":"passed","title":"should throw 404 if user not found"},{"ancestorTitles":["authService.getProfile()"],"duration":0,"failing":false,"failureDetails":[],"failureMessages":[],"fullName":"authService.getProfile() should refresh Redis cache on cache miss","invocations":1,"location":null,"numPassingAsserts":1,"retryReasons":[],"startAt":1775120260820,"status":"passed","title":"should refresh Redis cache on cache miss"}],"endTime":1775120260821,"message":"","name":"D:\\projects\\backend-assignment\\tests\\unit\\auth\\auth.service.test.js","startTime":1775120260737,"status":"passed","summary":""}],"wasInterrupted":false}
